<?xml version="1.0" encoding="UTF-8"?>
<!-- Generated by org.testng.reporters.JUnitXMLReporter -->
<testsuite ignored="0" hostname="DESKTOP-1TTAQ19" failures="0" tests="4" name="CreateCustomerTest" time="32.565" errors="0" timestamp="2020-04-28T19:55:43 IST">
  <testcase classname="com.actitime.configuration.CommonSetup" name="@BeforeMethod loginSetup" time="6.055">
    <failure type="java.io.FileNotFoundException" message="\ActiTmeProject\src\main\resources\LoginData\LoginCreds.properties (The system cannot find the path specified)">
      <![CDATA[java.io.FileNotFoundException: \ActiTmeProject\src\main\resources\LoginData\LoginCreds.properties (The system cannot find the path specified)
at java.base/java.io.FileInputStream.open0(Native Method)
at java.base/java.io.FileInputStream.open(FileInputStream.java:213)
at java.base/java.io.FileInputStream.<init>(FileInputStream.java:155)
at java.base/java.io.FileInputStream.<init>(FileInputStream.java:110)
at com.actitime.commonutils.WebDriverUtils.getDataFromProperties(WebDriverUtils.java:22)
at com.actitime.configuration.CommonSetup.loginSetup(CommonSetup.java:39)
at java.base/java.util.ArrayList.forEach(ArrayList.java:1507)
... Removed 31 stack frames]]>
    </failure>
  </testcase> <!-- @BeforeMethod loginSetup -->
  <testcase classname="com.actitime.configuration.CommonSetup" name="@AfterMethod logout" time="-1.58808392215E9">
    <skipped/>
  </testcase> <!-- @AfterMethod logout -->
  <testcase classname="com.actitime.configuration.CommonSetup" name="@AfterClass exit" time="-1.588083922152E9">
    <skipped/>
  </testcase> <!-- @AfterClass exit -->
  <testcase classname="com.actitime.configuration.CommonSetup" name="@BeforeMethod loginSetup" time="6.059">
    <failure type="java.io.FileNotFoundException" message="\ActiTmeProject\src\main\resources\LoginData\LoginCreds.properties (The system cannot find the path specified)">
      <![CDATA[java.io.FileNotFoundException: \ActiTmeProject\src\main\resources\LoginData\LoginCreds.properties (The system cannot find the path specified)
at java.base/java.io.FileInputStream.open0(Native Method)
at java.base/java.io.FileInputStream.open(FileInputStream.java:213)
at java.base/java.io.FileInputStream.<init>(FileInputStream.java:155)
at java.base/java.io.FileInputStream.<init>(FileInputStream.java:110)
at com.actitime.commonutils.WebDriverUtils.getDataFromProperties(WebDriverUtils.java:22)
at com.actitime.configuration.CommonSetup.loginSetup(CommonSetup.java:39)
at java.base/java.util.ArrayList.forEach(ArrayList.java:1507)
... Removed 31 stack frames]]>
    </failure>
  </testcase> <!-- @BeforeMethod loginSetup -->
  <testcase classname="com.actitime.configuration.CommonSetup" name="@AfterMethod logout" time="-1.58808393305E9">
    <skipped/>
  </testcase> <!-- @AfterMethod logout -->
  <testcase classname="com.actitime.configuration.CommonSetup" name="@AfterClass exit" time="-1.588083933052E9">
    <skipped/>
  </testcase> <!-- @AfterClass exit -->
  <testcase classname="com.actitime.configuration.CommonSetup" name="@BeforeMethod loginSetup" time="5.905">
    <failure type="java.io.FileNotFoundException" message="\ActiTmeProject\src\main\resources\LoginData\LoginCreds.properties (The system cannot find the path specified)">
      <![CDATA[java.io.FileNotFoundException: \ActiTmeProject\src\main\resources\LoginData\LoginCreds.properties (The system cannot find the path specified)
at java.base/java.io.FileInputStream.open0(Native Method)
at java.base/java.io.FileInputStream.open(FileInputStream.java:213)
at java.base/java.io.FileInputStream.<init>(FileInputStream.java:155)
at java.base/java.io.FileInputStream.<init>(FileInputStream.java:110)
at com.actitime.commonutils.WebDriverUtils.getDataFromProperties(WebDriverUtils.java:22)
at com.actitime.configuration.CommonSetup.loginSetup(CommonSetup.java:39)
at java.base/java.util.ArrayList.forEach(ArrayList.java:1507)
... Removed 31 stack frames]]>
    </failure>
  </testcase> <!-- @BeforeMethod loginSetup -->
  <testcase classname="com.actitime.configuration.CommonSetup" name="@AfterMethod logout" time="-1.588083943818E9">
    <skipped/>
  </testcase> <!-- @AfterMethod logout -->
  <testcase classname="com.actitime.configuration.CommonSetup" name="@BeforeMethod loginSetup" time="-1.58808394382E9">
    <skipped/>
  </testcase> <!-- @BeforeMethod loginSetup -->
  <testcase classname="com.actitime.configuration.CommonSetup" name="@AfterMethod logout" time="-1.588083943826E9">
    <skipped/>
  </testcase> <!-- @AfterMethod logout -->
  <testcase classname="com.actitime.configuration.CommonSetup" name="@AfterClass exit" time="-1.588083943828E9">
    <skipped/>
  </testcase> <!-- @AfterClass exit -->
  <testcase classname="com.actitime.testscripts.VerifyHomeTitleTest" name="verifyTitle" time="0.0">
    <skipped/>
  </testcase> <!-- verifyTitle -->
  <testcase classname="com.actitime.testscripts.LoginTest" name="loginTest" time="0.0">
    <skipped/>
  </testcase> <!-- loginTest -->
  <testcase classname="com.actitime.testscripts.CreateCustomerTest" name="createCustomerWithName" time="0.0">
    <skipped/>
  </testcase> <!-- createCustomerWithName -->
  <testcase classname="com.actitime.testscripts.CreateCustomerTest" name="createCustomerWithNameAndDescription" time="0.0">
    <skipped/>
  </testcase> <!-- createCustomerWithNameAndDescription -->
</testsuite> <!-- CreateCustomerTest -->
