<?xml version="1.0" encoding="UTF-8"?>
<!-- Generated by org.testng.reporters.JUnitXMLReporter -->
<testsuite ignored="0" hostname="DESKTOP-1TTAQ19" failures="1" tests="1" name="VerifyHomeTitleTest" time="30.283" errors="0" timestamp="2020-04-29T17:41:55 IST">
  <testcase classname="com.actitime.testscripts.VerifyHomeTitleTest" name="verifyTitle" time="4.21">
    <failure type="java.lang.AssertionError" message="did not expect to find [true] but found [false]">
      <![CDATA[java.lang.AssertionError: did not expect to find [true] but found [false]
at com.actitime.testscripts.VerifyHomeTitleTest.verifyTitle(VerifyHomeTitleTest.java:28)
at java.base/java.util.ArrayList.forEach(ArrayList.java:1507)
... Removed 31 stack frames]]>
    </failure>
  </testcase> <!-- verifyTitle -->
</testsuite> <!-- VerifyHomeTitleTest -->
